<?xml version="1.0" encoding="UTF-8"?>
<!-- Generated by org.testng.reporters.JUnitReportReporter -->
<testsuite hostname="LAPTOP-E8AE22MJ" failures="0" tests="1" name="TestCases.TC_8" time="18.606" errors="0" timestamp="2023-06-23T15:52:18 IST" skipped="0">
  <testcase classname="TestCases.TC_8" name="LeadWithMandatoryPage" time="18.606"/>
  <system-out/>
</testsuite> <!-- TestCases.TC_8 -->
