<?xml version="1.0" encoding="UTF-8"?>
<!-- Generated by org.testng.reporters.JUnitReportReporter -->
<testsuite hostname="LAPTOP-E8AE22MJ" failures="0" tests="1" name="ExtendRepotPractice.normaltestCase" time="0.016" errors="0" timestamp="2023-07-01T14:26:52 IST" skipped="0">
  <testcase classname="ExtendRepotPractice.normaltestCase" name="m1" time="0.016"/>
  <system-out/>
</testsuite> <!-- ExtendRepotPractice.normaltestCase -->
