<?xml version="1.0" encoding="UTF-8"?>
<!-- Generated by org.testng.reporters.JUnitReportReporter -->
<testsuite hostname="LAPTOP-E8AE22MJ" failures="0" tests="1" name="TestCases.TC_6" time="9.359" errors="0" timestamp="2023-06-27T09:34:00 IST" skipped="0">
  <testcase classname="TestCases.TC_6" name="LeadWithMandatoryPage" time="9.359"/>
  <system-out/>
</testsuite> <!-- TestCases.TC_6 -->
