<?xml version="1.0" encoding="UTF-8"?>
<!-- Generated by org.testng.reporters.JUnitReportReporter -->
<testsuite hostname="LAPTOP-E8AE22MJ" failures="0" tests="1" name="TestCases.TC_7" time="20.204" errors="0" timestamp="2023-06-23T19:16:42 IST" skipped="0">
  <testcase classname="TestCases.TC_7" name="LeadWithMandatoryPage" time="20.204"/>
  <system-out/>
</testsuite> <!-- TestCases.TC_7 -->
