<?xml version="1.0" encoding="UTF-8"?>
<!-- Generated by org.testng.reporters.JUnitReportReporter -->
<testsuite hostname="LAPTOP-E8AE22MJ" failures="0" tests="1" name="TestCases.TC_2" time="10.549" errors="0" timestamp="2023-06-23T19:19:34 IST" skipped="0">
  <testcase classname="TestCases.TC_2" name="OrganisationPageValidation" time="10.549"/>
  <system-out/>
</testsuite> <!-- TestCases.TC_2 -->
