<?xml version="1.0" encoding="UTF-8"?>
<!-- Generated by org.testng.reporters.JUnitReportReporter -->
<testsuite hostname="LAPTOP-E8AE22MJ" failures="0" tests="1" name="TestCases.TC_6" time="14.356" errors="0" timestamp="2023-06-23T14:44:26 IST" skipped="0">
  <testcase classname="TestCases.TC_6" name="LeadWithMandatoryPage" time="14.356"/>
  <system-out/>
</testsuite> <!-- TestCases.TC_6 -->
