<?xml version="1.0" encoding="UTF-8"?>
<!-- Generated by org.testng.reporters.JUnitReportReporter -->
<testsuite hostname="LAPTOP-E8AE22MJ" failures="0" tests="1" name="TestCases.TC_01" time="11.546" errors="0" timestamp="2023-06-23T13:07:37 IST" skipped="0">
  <testcase classname="TestCases.TC_01" name="validatingLoginFunctionality" time="11.546"/>
  <system-out/>
</testsuite> <!-- TestCases.TC_01 -->
