<?xml version="1.0" encoding="UTF-8"?>
<!-- Generated by org.testng.reporters.JUnitReportReporter -->
<testsuite hostname="LAPTOP-E8AE22MJ" failures="0" tests="1" name="PracticeTestCase.Demo" time="6.170" errors="0" timestamp="2023-06-27T09:41:42 IST" skipped="0">
  <testcase classname="PracticeTestCase.Demo" name="contactsPage" time="6.170"/>
  <system-out/>
</testsuite> <!-- PracticeTestCase.Demo -->
