<?xml version="1.0" encoding="UTF-8"?>
<!-- Generated by org.testng.reporters.JUnitReportReporter -->
<testsuite hostname="LAPTOP-E8AE22MJ" failures="0" tests="1" name="createOrganizationClass.LeadsCreationpage" time="21.476" errors="0" timestamp="2023-06-28T09:44:13 IST" skipped="0">
  <testcase classname="createOrganizationClass.LeadsCreationpage" name="testcaseToCreateAndDeletelead" time="21.476"/>
  <system-out/>
</testsuite> <!-- createOrganizationClass.LeadsCreationpage -->
