<?xml version="1.0" encoding="UTF-8"?>
<!-- Generated by org.testng.reporters.JUnitReportReporter -->
<testsuite hostname="LAPTOP-E8AE22MJ" failures="0" tests="4" name="createOrganizationClass.CreateOrganizationClass" time="43.121" errors="0" timestamp="2023-06-26T10:09:19 IST" skipped="0">
  <testcase classname="createOrganizationClass.CreateOrganizationClass" name="organizationcreating" time="10.028"/>
  <system-out/>
  <testcase classname="createOrganizationClass.CreateOrganizationClass" name="organizationcreating" time="10.764"/>
  <system-out/>
  <testcase classname="createOrganizationClass.CreateOrganizationClass" name="organizationcreating" time="10.551"/>
  <system-out/>
  <testcase classname="createOrganizationClass.CreateOrganizationClass" name="organizationcreating" time="11.778"/>
  <system-out/>
</testsuite> <!-- createOrganizationClass.CreateOrganizationClass -->
