<?xml version="1.0" encoding="UTF-8"?>
<!-- Generated by org.testng.reporters.JUnitReportReporter -->
<testsuite hostname="LAPTOP-E8AE22MJ" failures="0" tests="1" name="TestCases.TC_01" time="6.580" errors="0" timestamp="2023-06-27T09:28:32 IST" skipped="0">
  <testcase classname="TestCases.TC_01" name="validatingLoginFunctionality" time="6.580"/>
  <system-out/>
</testsuite> <!-- TestCases.TC_01 -->
