<?xml version="1.0" encoding="UTF-8"?>
<!-- Generated by org.testng.reporters.JUnitReportReporter -->
<testsuite hostname="LAPTOP-E8AE22MJ" failures="0" tests="1" name="TestCases.TC_7" time="19.185" errors="0" timestamp="2023-06-23T15:12:14 IST" skipped="0">
  <testcase classname="TestCases.TC_7" name="LeadWithMandatoryPage" time="19.185"/>
  <system-out/>
</testsuite> <!-- TestCases.TC_7 -->
