<?xml version="1.0" encoding="UTF-8"?>
<!-- Generated by org.testng.reporters.JUnitReportReporter -->
<testsuite hostname="LAPTOP-E8AE22MJ" failures="0" tests="1" name="createOrganizationClass.Contactstest" time="14.843" errors="0" timestamp="2023-06-26T08:54:40 IST" skipped="0">
  <testcase classname="createOrganizationClass.Contactstest" name="creatingcontatcWithexsistingOrg" time="14.843"/>
  <system-out/>
</testsuite> <!-- createOrganizationClass.Contactstest -->
