<?xml version="1.0" encoding="UTF-8"?>
<!-- Generated by org.testng.reporters.JUnitReportReporter -->
<testsuite hostname="LAPTOP-E8AE22MJ" failures="0" tests="1" name="TestCases.TC_3" time="10.107" errors="0" timestamp="2023-06-23T19:19:55 IST" skipped="0">
  <testcase classname="TestCases.TC_3" name="CreateOrgWithTypeAndIndValidation" time="10.107"/>
  <system-out/>
</testsuite> <!-- TestCases.TC_3 -->
