<?xml version="1.0" encoding="UTF-8"?>
<!-- Generated by org.testng.reporters.JUnitReportReporter -->
<testsuite hostname="LAPTOP-E8AE22MJ" failures="0" tests="1" name="createOrganizationClass.CreateOrganizationClass" time="13.333" errors="0" timestamp="2023-06-24T09:46:29 IST" skipped="0">
  <testcase classname="createOrganizationClass.CreateOrganizationClass" name="organizationcreating" time="13.333"/>
  <system-out/>
</testsuite> <!-- createOrganizationClass.CreateOrganizationClass -->
