<?xml version="1.0" encoding="UTF-8"?>
<!-- Generated by org.testng.reporters.JUnitReportReporter -->
<testsuite hostname="LAPTOP-E8AE22MJ" failures="0" tests="1" name="createOrganizationClass.CreateEventTC" time="12.498" errors="0" timestamp="2023-06-24T11:49:48 IST" skipped="0">
  <testcase classname="createOrganizationClass.CreateEventTC" name="ceateEvenetTestcase" time="12.498"/>
  <system-out/>
</testsuite> <!-- createOrganizationClass.CreateEventTC -->
