<?xml version="1.0" encoding="UTF-8"?>
<!-- Generated by org.testng.reporters.JUnitReportReporter -->
<testsuite hostname="LAPTOP-E8AE22MJ" failures="0" tests="1" name="TestCases.TC_4" time="7.392" errors="0" timestamp="2023-06-27T09:32:05 IST" skipped="0">
  <testcase classname="TestCases.TC_4" name="contactsWithMandatoryField" time="7.392"/>
  <system-out/>
</testsuite> <!-- TestCases.TC_4 -->
